Global seed set to 2022
Using 16bit native Automatic Mixed Precision (AMP)
/home/huangh13/.local/lib/python3.8/site-packages/pytorch_lightning/trainer/connectors/callback_connector.py:96: LightningDeprecationWarning: Setting `Trainer(progress_bar_refresh_rate=1)` is deprecated in v1.5 and will be removed in v1.7. Please pass `pytorch_lightning.callbacks.progress.TQDMProgressBar` with `refresh_rate` directly to the Trainer's `callbacks` argument instead. Or, to disable the progress bar pass `enable_progress_bar = False` to the Trainer.
  rank_zero_deprecation(
GPU available: True, used: True
TPU available: False, using: 0 TPU cores
IPU available: False, using: 0 IPUs
HPU available: False, using: 0 HPUs
Global seed set to 2022
Initializing distributed: GLOBAL_RANK: 0, MEMBER: 1/2
Global seed set to 2022
Global seed set to 2022
Initializing distributed: GLOBAL_RANK: 1, MEMBER: 2/2
----------------------------------------------------------------------------------------------------
distributed_backend=nccl
All distributed processes registered. Starting with 2 processes
----------------------------------------------------------------------------------------------------

LOCAL_RANK: 1 - CUDA_VISIBLE_DEVICES: [0,1]
LOCAL_RANK: 0 - CUDA_VISIBLE_DEVICES: [0,1]

  | Name      | Type             | Params
-----------------------------------------------
0 | model     | WideResNet       | 46.2 M
1 | criterion | CrossEntropyLoss | 0     
-----------------------------------------------
46.2 M    Trainable params
0         Non-trainable params
46.2 M    Total params
92.321    Total estimated model params size (MB)
Epoch 0, global step 391: 'val_loss' reached 2.30402 (best 2.30402), saving model to '/gpfs/data/denizlab/Users/hh2740/FML_project/consistency_regularization/lightning_logs/version_2/checkpoints/epoch=0-step=391.ckpt' as top 1
Epoch 1, global step 782: 'val_loss' reached 2.30386 (best 2.30386), saving model to '/gpfs/data/denizlab/Users/hh2740/FML_project/consistency_regularization/lightning_logs/version_2/checkpoints/epoch=1-step=782.ckpt' as top 1
Epoch 2, global step 1173: 'val_loss' reached 2.30287 (best 2.30287), saving model to '/gpfs/data/denizlab/Users/hh2740/FML_project/consistency_regularization/lightning_logs/version_2/checkpoints/epoch=2-step=1173.ckpt' as top 1
Epoch 3, global step 1564: 'val_loss' reached 2.30236 (best 2.30236), saving model to '/gpfs/data/denizlab/Users/hh2740/FML_project/consistency_regularization/lightning_logs/version_2/checkpoints/epoch=3-step=1564.ckpt' as top 1
Epoch 4, global step 1955: 'val_loss' reached 2.30228 (best 2.30228), saving model to '/gpfs/data/denizlab/Users/hh2740/FML_project/consistency_regularization/lightning_logs/version_2/checkpoints/epoch=4-step=1955.ckpt' as top 1
Epoch 5, global step 2346: 'val_loss' was not in top 1
Epoch 6, global step 2737: 'val_loss' was not in top 1
Epoch 7, global step 3128: 'val_loss' reached 2.30195 (best 2.30195), saving model to '/gpfs/data/denizlab/Users/hh2740/FML_project/consistency_regularization/lightning_logs/version_2/checkpoints/epoch=7-step=3128.ckpt' as top 1
Epoch 8, global step 3519: 'val_loss' was not in top 1
Epoch 9, global step 3910: 'val_loss' reached 2.30171 (best 2.30171), saving model to '/gpfs/data/denizlab/Users/hh2740/FML_project/consistency_regularization/lightning_logs/version_2/checkpoints/epoch=9-step=3910.ckpt' as top 1
Epoch 10, global step 4301: 'val_loss' reached 2.29834 (best 2.29834), saving model to '/gpfs/data/denizlab/Users/hh2740/FML_project/consistency_regularization/lightning_logs/version_2/checkpoints/epoch=10-step=4301.ckpt' as top 1
Epoch 11, global step 4692: 'val_loss' was not in top 1
Epoch 12, global step 5083: 'val_loss' reached 2.28489 (best 2.28489), saving model to '/gpfs/data/denizlab/Users/hh2740/FML_project/consistency_regularization/lightning_logs/version_2/checkpoints/epoch=12-step=5083.ckpt' as top 1
Epoch 13, global step 5474: 'val_loss' reached 2.27359 (best 2.27359), saving model to '/gpfs/data/denizlab/Users/hh2740/FML_project/consistency_regularization/lightning_logs/version_2/checkpoints/epoch=13-step=5474.ckpt' as top 1
Epoch 14, global step 5865: 'val_loss' reached 2.25383 (best 2.25383), saving model to '/gpfs/data/denizlab/Users/hh2740/FML_project/consistency_regularization/lightning_logs/version_2/checkpoints/epoch=14-step=5865.ckpt' as top 1
Epoch 15, global step 6256: 'val_loss' reached 2.20576 (best 2.20576), saving model to '/gpfs/data/denizlab/Users/hh2740/FML_project/consistency_regularization/lightning_logs/version_2/checkpoints/epoch=15-step=6256.ckpt' as top 1
Epoch 16, global step 6647: 'val_loss' reached 2.17177 (best 2.17177), saving model to '/gpfs/data/denizlab/Users/hh2740/FML_project/consistency_regularization/lightning_logs/version_2/checkpoints/epoch=16-step=6647.ckpt' as top 1
Epoch 17, global step 7038: 'val_loss' reached 2.12362 (best 2.12362), saving model to '/gpfs/data/denizlab/Users/hh2740/FML_project/consistency_regularization/lightning_logs/version_2/checkpoints/epoch=17-step=7038.ckpt' as top 1
Epoch 18, global step 7429: 'val_loss' reached 2.12082 (best 2.12082), saving model to '/gpfs/data/denizlab/Users/hh2740/FML_project/consistency_regularization/lightning_logs/version_2/checkpoints/epoch=18-step=7429.ckpt' as top 1
Epoch 19, global step 7820: 'val_loss' reached 2.10358 (best 2.10358), saving model to '/gpfs/data/denizlab/Users/hh2740/FML_project/consistency_regularization/lightning_logs/version_2/checkpoints/epoch=19-step=7820.ckpt' as top 1
Epoch 20, global step 8211: 'val_loss' reached 2.06191 (best 2.06191), saving model to '/gpfs/data/denizlab/Users/hh2740/FML_project/consistency_regularization/lightning_logs/version_2/checkpoints/epoch=20-step=8211.ckpt' as top 1
Epoch 21, global step 8602: 'val_loss' was not in top 1
Epoch 22, global step 8993: 'val_loss' reached 2.05733 (best 2.05733), saving model to '/gpfs/data/denizlab/Users/hh2740/FML_project/consistency_regularization/lightning_logs/version_2/checkpoints/epoch=22-step=8993.ckpt' as top 1
Epoch 23, global step 9384: 'val_loss' reached 2.03788 (best 2.03788), saving model to '/gpfs/data/denizlab/Users/hh2740/FML_project/consistency_regularization/lightning_logs/version_2/checkpoints/epoch=23-step=9384.ckpt' as top 1
Epoch 24, global step 9775: 'val_loss' reached 2.01769 (best 2.01769), saving model to '/gpfs/data/denizlab/Users/hh2740/FML_project/consistency_regularization/lightning_logs/version_2/checkpoints/epoch=24-step=9775.ckpt' as top 1
Epoch 25, global step 10166: 'val_loss' was not in top 1
Epoch 26, global step 10557: 'val_loss' reached 1.99814 (best 1.99814), saving model to '/gpfs/data/denizlab/Users/hh2740/FML_project/consistency_regularization/lightning_logs/version_2/checkpoints/epoch=26-step=10557.ckpt' as top 1
Epoch 27, global step 10948: 'val_loss' reached 1.98093 (best 1.98093), saving model to '/gpfs/data/denizlab/Users/hh2740/FML_project/consistency_regularization/lightning_logs/version_2/checkpoints/epoch=27-step=10948.ckpt' as top 1
Epoch 28, global step 11339: 'val_loss' was not in top 1
Epoch 29, global step 11730: 'val_loss' reached 1.95718 (best 1.95718), saving model to '/gpfs/data/denizlab/Users/hh2740/FML_project/consistency_regularization/lightning_logs/version_2/checkpoints/epoch=29-step=11730.ckpt' as top 1
Epoch 30, global step 12121: 'val_loss' was not in top 1
Epoch 31, global step 12512: 'val_loss' reached 1.95084 (best 1.95084), saving model to '/gpfs/data/denizlab/Users/hh2740/FML_project/consistency_regularization/lightning_logs/version_2/checkpoints/epoch=31-step=12512.ckpt' as top 1
Epoch 32, global step 12903: 'val_loss' reached 1.94654 (best 1.94654), saving model to '/gpfs/data/denizlab/Users/hh2740/FML_project/consistency_regularization/lightning_logs/version_2/checkpoints/epoch=32-step=12903.ckpt' as top 1
Epoch 33, global step 13294: 'val_loss' was not in top 1
Epoch 34, global step 13685: 'val_loss' was not in top 1
Epoch 35, global step 14076: 'val_loss' reached 1.93628 (best 1.93628), saving model to '/gpfs/data/denizlab/Users/hh2740/FML_project/consistency_regularization/lightning_logs/version_2/checkpoints/epoch=35-step=14076.ckpt' as top 1
Epoch 36, global step 14467: 'val_loss' was not in top 1
Epoch 37, global step 14858: 'val_loss' was not in top 1
Epoch 38, global step 15249: 'val_loss' reached 1.90568 (best 1.90568), saving model to '/gpfs/data/denizlab/Users/hh2740/FML_project/consistency_regularization/lightning_logs/version_2/checkpoints/epoch=38-step=15249.ckpt' as top 1
Epoch 39, global step 15640: 'val_loss' was not in top 1
Epoch 40, global step 16031: 'val_loss' was not in top 1
Epoch 41, global step 16422: 'val_loss' was not in top 1
Epoch 42, global step 16813: 'val_loss' was not in top 1
Epoch 43, global step 17204: 'val_loss' was not in top 1
Epoch 44, global step 17595: 'val_loss' reached 1.90231 (best 1.90231), saving model to '/gpfs/data/denizlab/Users/hh2740/FML_project/consistency_regularization/lightning_logs/version_2/checkpoints/epoch=44-step=17595.ckpt' as top 1
Epoch 45, global step 17986: 'val_loss' was not in top 1
Epoch 46, global step 18377: 'val_loss' was not in top 1
Epoch 47, global step 18768: 'val_loss' was not in top 1
Epoch 48, global step 19159: 'val_loss' was not in top 1
Epoch 49, global step 19550: 'val_loss' was not in top 1
Epoch 50, global step 19941: 'val_loss' was not in top 1
Epoch 51, global step 20332: 'val_loss' was not in top 1
Epoch 52, global step 20723: 'val_loss' reached 1.90156 (best 1.90156), saving model to '/gpfs/data/denizlab/Users/hh2740/FML_project/consistency_regularization/lightning_logs/version_2/checkpoints/epoch=52-step=20723.ckpt' as top 1
Epoch 53, global step 21114: 'val_loss' was not in top 1
Epoch 54, global step 21505: 'val_loss' reached 1.89909 (best 1.89909), saving model to '/gpfs/data/denizlab/Users/hh2740/FML_project/consistency_regularization/lightning_logs/version_2/checkpoints/epoch=54-step=21505.ckpt' as top 1
Epoch 55, global step 21896: 'val_loss' reached 1.89488 (best 1.89488), saving model to '/gpfs/data/denizlab/Users/hh2740/FML_project/consistency_regularization/lightning_logs/version_2/checkpoints/epoch=55-step=21896.ckpt' as top 1
Epoch 56, global step 22287: 'val_loss' was not in top 1
Epoch 57, global step 22678: 'val_loss' was not in top 1
Epoch 58, global step 23069: 'val_loss' reached 1.89194 (best 1.89194), saving model to '/gpfs/data/denizlab/Users/hh2740/FML_project/consistency_regularization/lightning_logs/version_2/checkpoints/epoch=58-step=23069.ckpt' as top 1
Epoch 59, global step 23460: 'val_loss' reached 1.87308 (best 1.87308), saving model to '/gpfs/data/denizlab/Users/hh2740/FML_project/consistency_regularization/lightning_logs/version_2/checkpoints/epoch=59-step=23460.ckpt' as top 1
Epoch 60, global step 23851: 'val_loss' was not in top 1
Epoch 61, global step 24242: 'val_loss' was not in top 1
Epoch 62, global step 24633: 'val_loss' was not in top 1
Epoch 63, global step 25024: 'val_loss' was not in top 1
Epoch 64, global step 25415: 'val_loss' was not in top 1
Epoch 65, global step 25806: 'val_loss' was not in top 1
Epoch 66, global step 26197: 'val_loss' was not in top 1
Epoch 67, global step 26588: 'val_loss' was not in top 1
Epoch 68, global step 26979: 'val_loss' was not in top 1
Epoch 69, global step 27370: 'val_loss' was not in top 1
Epoch 70, global step 27761: 'val_loss' was not in top 1
Epoch 71, global step 28152: 'val_loss' was not in top 1
Epoch 72, global step 28543: 'val_loss' was not in top 1
Epoch 73, global step 28934: 'val_loss' was not in top 1
Epoch 74, global step 29325: 'val_loss' was not in top 1
Epoch 75, global step 29716: 'val_loss' was not in top 1
Epoch 76, global step 30107: 'val_loss' was not in top 1
Epoch 77, global step 30498: 'val_loss' was not in top 1
Epoch 78, global step 30889: 'val_loss' was not in top 1
Epoch 79, global step 31280: 'val_loss' was not in top 1
Epoch 80, global step 31671: 'val_loss' was not in top 1
Epoch 81, global step 32062: 'val_loss' reached 1.87168 (best 1.87168), saving model to '/gpfs/data/denizlab/Users/hh2740/FML_project/consistency_regularization/lightning_logs/version_2/checkpoints/epoch=81-step=32062.ckpt' as top 1
Epoch 82, global step 32453: 'val_loss' was not in top 1
Epoch 83, global step 32844: 'val_loss' was not in top 1
Epoch 84, global step 33235: 'val_loss' reached 1.87115 (best 1.87115), saving model to '/gpfs/data/denizlab/Users/hh2740/FML_project/consistency_regularization/lightning_logs/version_2/checkpoints/epoch=84-step=33235.ckpt' as top 1
Epoch 85, global step 33626: 'val_loss' reached 1.86355 (best 1.86355), saving model to '/gpfs/data/denizlab/Users/hh2740/FML_project/consistency_regularization/lightning_logs/version_2/checkpoints/epoch=85-step=33626.ckpt' as top 1
Epoch 86, global step 34017: 'val_loss' was not in top 1
Epoch 87, global step 34408: 'val_loss' was not in top 1
Epoch 88, global step 34799: 'val_loss' was not in top 1
Epoch 89, global step 35190: 'val_loss' reached 1.84131 (best 1.84131), saving model to '/gpfs/data/denizlab/Users/hh2740/FML_project/consistency_regularization/lightning_logs/version_2/checkpoints/epoch=89-step=35190.ckpt' as top 1
Epoch 90, global step 35581: 'val_loss' was not in top 1
Epoch 91, global step 35972: 'val_loss' was not in top 1
Epoch 92, global step 36363: 'val_loss' was not in top 1
Epoch 93, global step 36754: 'val_loss' was not in top 1
Epoch 94, global step 37145: 'val_loss' was not in top 1
Epoch 95, global step 37536: 'val_loss' was not in top 1
Epoch 96, global step 37927: 'val_loss' was not in top 1
Epoch 97, global step 38318: 'val_loss' was not in top 1
Epoch 98, global step 38709: 'val_loss' was not in top 1
Epoch 99, global step 39100: 'val_loss' was not in top 1
Epoch 100, global step 39491: 'val_loss' reached 1.69259 (best 1.69259), saving model to '/gpfs/data/denizlab/Users/hh2740/FML_project/consistency_regularization/lightning_logs/version_2/checkpoints/epoch=100-step=39491.ckpt' as top 1
Epoch 101, global step 39882: 'val_loss' reached 1.66902 (best 1.66902), saving model to '/gpfs/data/denizlab/Users/hh2740/FML_project/consistency_regularization/lightning_logs/version_2/checkpoints/epoch=101-step=39882.ckpt' as top 1
Epoch 102, global step 40273: 'val_loss' was not in top 1
Epoch 103, global step 40664: 'val_loss' reached 1.64516 (best 1.64516), saving model to '/gpfs/data/denizlab/Users/hh2740/FML_project/consistency_regularization/lightning_logs/version_2/checkpoints/epoch=103-step=40664.ckpt' as top 1
Epoch 104, global step 41055: 'val_loss' reached 1.61823 (best 1.61823), saving model to '/gpfs/data/denizlab/Users/hh2740/FML_project/consistency_regularization/lightning_logs/version_2/checkpoints/epoch=104-step=41055.ckpt' as top 1
Epoch 105, global step 41446: 'val_loss' was not in top 1
Epoch 106, global step 41837: 'val_loss' was not in top 1
Epoch 107, global step 42228: 'val_loss' was not in top 1
Epoch 108, global step 42619: 'val_loss' was not in top 1
Epoch 109, global step 43010: 'val_loss' was not in top 1
Epoch 110, global step 43401: 'val_loss' reached 1.61653 (best 1.61653), saving model to '/gpfs/data/denizlab/Users/hh2740/FML_project/consistency_regularization/lightning_logs/version_2/checkpoints/epoch=110-step=43401.ckpt' as top 1
Epoch 111, global step 43792: 'val_loss' was not in top 1
Epoch 112, global step 44183: 'val_loss' reached 1.61195 (best 1.61195), saving model to '/gpfs/data/denizlab/Users/hh2740/FML_project/consistency_regularization/lightning_logs/version_2/checkpoints/epoch=112-step=44183.ckpt' as top 1
Epoch 113, global step 44574: 'val_loss' was not in top 1
Epoch 114, global step 44965: 'val_loss' was not in top 1
Epoch 115, global step 45356: 'val_loss' was not in top 1
Epoch 116, global step 45747: 'val_loss' reached 1.59984 (best 1.59984), saving model to '/gpfs/data/denizlab/Users/hh2740/FML_project/consistency_regularization/lightning_logs/version_2/checkpoints/epoch=116-step=45747.ckpt' as top 1
Epoch 117, global step 46138: 'val_loss' was not in top 1
Epoch 118, global step 46529: 'val_loss' was not in top 1
Epoch 119, global step 46920: 'val_loss' was not in top 1
Epoch 120, global step 47311: 'val_loss' was not in top 1
Epoch 121, global step 47702: 'val_loss' was not in top 1
Epoch 122, global step 48093: 'val_loss' reached 1.59180 (best 1.59180), saving model to '/gpfs/data/denizlab/Users/hh2740/FML_project/consistency_regularization/lightning_logs/version_2/checkpoints/epoch=122-step=48093.ckpt' as top 1
Epoch 123, global step 48484: 'val_loss' was not in top 1
Epoch 124, global step 48875: 'val_loss' reached 1.59009 (best 1.59009), saving model to '/gpfs/data/denizlab/Users/hh2740/FML_project/consistency_regularization/lightning_logs/version_2/checkpoints/epoch=124-step=48875.ckpt' as top 1
Epoch 125, global step 49266: 'val_loss' reached 1.58620 (best 1.58620), saving model to '/gpfs/data/denizlab/Users/hh2740/FML_project/consistency_regularization/lightning_logs/version_2/checkpoints/epoch=125-step=49266.ckpt' as top 1
Epoch 126, global step 49657: 'val_loss' was not in top 1
Epoch 127, global step 50048: 'val_loss' reached 1.56538 (best 1.56538), saving model to '/gpfs/data/denizlab/Users/hh2740/FML_project/consistency_regularization/lightning_logs/version_2/checkpoints/epoch=127-step=50048.ckpt' as top 1
Epoch 128, global step 50439: 'val_loss' was not in top 1
Epoch 129, global step 50830: 'val_loss' reached 1.55022 (best 1.55022), saving model to '/gpfs/data/denizlab/Users/hh2740/FML_project/consistency_regularization/lightning_logs/version_2/checkpoints/epoch=129-step=50830.ckpt' as top 1
Epoch 130, global step 51221: 'val_loss' was not in top 1
Epoch 131, global step 51612: 'val_loss' was not in top 1
Epoch 132, global step 52003: 'val_loss' was not in top 1
Epoch 133, global step 52394: 'val_loss' was not in top 1
Epoch 134, global step 52785: 'val_loss' was not in top 1
Epoch 135, global step 53176: 'val_loss' was not in top 1
Epoch 136, global step 53567: 'val_loss' was not in top 1
Epoch 137, global step 53958: 'val_loss' was not in top 1
Epoch 138, global step 54349: 'val_loss' was not in top 1
Epoch 139, global step 54740: 'val_loss' was not in top 1
Epoch 140, global step 55131: 'val_loss' was not in top 1
Epoch 141, global step 55522: 'val_loss' was not in top 1
Epoch 142, global step 55913: 'val_loss' was not in top 1
Epoch 143, global step 56304: 'val_loss' was not in top 1
Epoch 144, global step 56695: 'val_loss' was not in top 1
Epoch 145, global step 57086: 'val_loss' was not in top 1
Epoch 146, global step 57477: 'val_loss' was not in top 1
Epoch 147, global step 57868: 'val_loss' was not in top 1
Epoch 148, global step 58259: 'val_loss' was not in top 1
Epoch 149, global step 58650: 'val_loss' was not in top 1
Epoch 150, global step 59041: 'val_loss' reached 1.49836 (best 1.49836), saving model to '/gpfs/data/denizlab/Users/hh2740/FML_project/consistency_regularization/lightning_logs/version_2/checkpoints/epoch=150-step=59041.ckpt' as top 1
Epoch 151, global step 59432: 'val_loss' reached 1.44034 (best 1.44034), saving model to '/gpfs/data/denizlab/Users/hh2740/FML_project/consistency_regularization/lightning_logs/version_2/checkpoints/epoch=151-step=59432.ckpt' as top 1
Epoch 152, global step 59823: 'val_loss' was not in top 1
Epoch 153, global step 60214: 'val_loss' reached 1.42849 (best 1.42849), saving model to '/gpfs/data/denizlab/Users/hh2740/FML_project/consistency_regularization/lightning_logs/version_2/checkpoints/epoch=153-step=60214.ckpt' as top 1
Epoch 154, global step 60605: 'val_loss' was not in top 1
Epoch 155, global step 60996: 'val_loss' was not in top 1
Epoch 156, global step 61387: 'val_loss' reached 1.42195 (best 1.42195), saving model to '/gpfs/data/denizlab/Users/hh2740/FML_project/consistency_regularization/lightning_logs/version_2/checkpoints/epoch=156-step=61387.ckpt' as top 1
Epoch 157, global step 61778: 'val_loss' reached 1.41336 (best 1.41336), saving model to '/gpfs/data/denizlab/Users/hh2740/FML_project/consistency_regularization/lightning_logs/version_2/checkpoints/epoch=157-step=61778.ckpt' as top 1
Epoch 158, global step 62169: 'val_loss' was not in top 1
Epoch 159, global step 62560: 'val_loss' was not in top 1
Epoch 160, global step 62951: 'val_loss' reached 1.39997 (best 1.39997), saving model to '/gpfs/data/denizlab/Users/hh2740/FML_project/consistency_regularization/lightning_logs/version_2/checkpoints/epoch=160-step=62951.ckpt' as top 1
Epoch 161, global step 63342: 'val_loss' was not in top 1
Epoch 162, global step 63733: 'val_loss' reached 1.38361 (best 1.38361), saving model to '/gpfs/data/denizlab/Users/hh2740/FML_project/consistency_regularization/lightning_logs/version_2/checkpoints/epoch=162-step=63733.ckpt' as top 1
Epoch 163, global step 64124: 'val_loss' was not in top 1
Epoch 164, global step 64515: 'val_loss' was not in top 1
Epoch 165, global step 64906: 'val_loss' was not in top 1
Epoch 166, global step 65297: 'val_loss' was not in top 1
Epoch 167, global step 65688: 'val_loss' was not in top 1
Epoch 168, global step 66079: 'val_loss' reached 1.36914 (best 1.36914), saving model to '/gpfs/data/denizlab/Users/hh2740/FML_project/consistency_regularization/lightning_logs/version_2/checkpoints/epoch=168-step=66079.ckpt' as top 1
Epoch 169, global step 66470: 'val_loss' was not in top 1
Epoch 170, global step 66861: 'val_loss' was not in top 1
Epoch 171, global step 67252: 'val_loss' was not in top 1
Epoch 172, global step 67643: 'val_loss' was not in top 1
Epoch 173, global step 68034: 'val_loss' was not in top 1
Epoch 174, global step 68425: 'val_loss' was not in top 1
Epoch 175, global step 68816: 'val_loss' reached 1.36567 (best 1.36567), saving model to '/gpfs/data/denizlab/Users/hh2740/FML_project/consistency_regularization/lightning_logs/version_2/checkpoints/epoch=175-step=68816.ckpt' as top 1
Epoch 176, global step 69207: 'val_loss' was not in top 1
Epoch 177, global step 69598: 'val_loss' was not in top 1
Epoch 178, global step 69989: 'val_loss' was not in top 1
Epoch 179, global step 70380: 'val_loss' was not in top 1
Epoch 180, global step 70771: 'val_loss' reached 1.36324 (best 1.36324), saving model to '/gpfs/data/denizlab/Users/hh2740/FML_project/consistency_regularization/lightning_logs/version_2/checkpoints/epoch=180-step=70771.ckpt' as top 1
Epoch 181, global step 71162: 'val_loss' was not in top 1
Epoch 182, global step 71553: 'val_loss' was not in top 1
Epoch 183, global step 71944: 'val_loss' was not in top 1
Epoch 184, global step 72335: 'val_loss' was not in top 1
Epoch 185, global step 72726: 'val_loss' was not in top 1
Epoch 186, global step 73117: 'val_loss' was not in top 1
Epoch 187, global step 73508: 'val_loss' was not in top 1
Epoch 188, global step 73899: 'val_loss' was not in top 1
Epoch 189, global step 74290: 'val_loss' was not in top 1
Epoch 190, global step 74681: 'val_loss' was not in top 1
Epoch 191, global step 75072: 'val_loss' was not in top 1
Epoch 192, global step 75463: 'val_loss' reached 1.35891 (best 1.35891), saving model to '/gpfs/data/denizlab/Users/hh2740/FML_project/consistency_regularization/lightning_logs/version_2/checkpoints/epoch=192-step=75463.ckpt' as top 1
Epoch 193, global step 75854: 'val_loss' was not in top 1
Epoch 194, global step 76245: 'val_loss' was not in top 1
Epoch 195, global step 76636: 'val_loss' was not in top 1
Epoch 196, global step 77027: 'val_loss' was not in top 1
Epoch 197, global step 77418: 'val_loss' was not in top 1
Epoch 198, global step 77809: 'val_loss' was not in top 1
Epoch 199, global step 78200: 'val_loss' was not in top 1
